This file contains any messages produced by compilers while
running configure, to aid debugging if configure makes a mistake.

It was created by configure, which was
generated by GNU Autoconf 2.69.  Invocation command line was

  $ ./configure --with-pdo-pgsql=/Applications/Postgres.app/

## --------- ##
## Platform. ##
## --------- ##

hostname = Kaitlins-MacBook-Pro-2.local
uname -m = x86_64
uname -r = 14.0.0
uname -s = Darwin
uname -v = Darwin Kernel Version 14.0.0: Fri Sep 19 00:26:44 PDT 2014; root:xnu-2782.1.97~2/RELEASE_X86_64

/usr/bin/uname -p = i386
/bin/uname -X     = unknown

/bin/arch              = unknown
/usr/bin/arch -k       = unknown
/usr/convex/getsysinfo = unknown
/usr/bin/hostinfo      = Mach kernel version:
	 Darwin Kernel Version 14.0.0: Fri Sep 19 00:26:44 PDT 2014; root:xnu-2782.1.97~2/RELEASE_X86_64
Kernel configured for up to 4 processors.
2 processors are physically available.
4 processors are logically available.
Processor type: x86_64h (Intel x86-64h Haswell)
Processors active: 0 1 2 3
Primary memory available: 8.00 gigabytes
Default processor set: 268 tasks, 1573 threads, 4 processors
Load average: 2.58, Mach factor: 1.45
/bin/machine           = unknown
/usr/bin/oslevel       = unknown
/bin/universe          = unknown

PATH: ~/.composer/vendor/bin
PATH: /opt/local/bin
PATH: /opt/local/sbin
PATH: /usr/local/bin
PATH: /usr/bin
PATH: /bin
PATH: /usr/sbin
PATH: /sbin


## ----------- ##
## Core tests. ##
## ----------- ##

configure:2295: checking for grep that handles long lines and -e
configure:2353: result: /usr/bin/grep
configure:2358: checking for egrep
configure:2420: result: /usr/bin/grep -E
configure:2425: checking for a sed that does not truncate output
configure:2479: result: /opt/local/bin/gsed
configure:2611: checking for cc
configure:2627: found /usr/bin/cc
configure:2638: result: cc
configure:2669: checking for C compiler version
configure:2678: cc --version >&5
Apple LLVM version 6.0 (clang-600.0.56) (based on LLVM 3.5svn)
Target: x86_64-apple-darwin14.0.0
Thread model: posix
configure:2689: $? = 0
configure:2678: cc -v >&5
Apple LLVM version 6.0 (clang-600.0.56) (based on LLVM 3.5svn)
Target: x86_64-apple-darwin14.0.0
Thread model: posix
configure:2689: $? = 0
configure:2678: cc -V >&5
clang: error: argument to '-V' is missing (expected 1 value)
clang: error: no input files
configure:2689: $? = 1
configure:2678: cc -qversion >&5
clang: error: unknown argument: '-qversion'
clang: error: no input files
configure:2689: $? = 1
configure:2709: checking whether the C compiler works
configure:2731: cc    conftest.c  >&5
configure:2735: $? = 0
configure:2783: result: yes
configure:2786: checking for C compiler default output file name
configure:2788: result: a.out
configure:2794: checking for suffix of executables
configure:2801: cc -o conftest    conftest.c  >&5
configure:2805: $? = 0
configure:2827: result: 
configure:2849: checking whether we are cross compiling
configure:2857: cc -o conftest    conftest.c  >&5
configure:2861: $? = 0
configure:2868: ./conftest
configure:2872: $? = 0
configure:2887: result: no
configure:2892: checking for suffix of object files
configure:2914: cc -c   conftest.c >&5
configure:2918: $? = 0
configure:2939: result: o
configure:2943: checking whether we are using the GNU C compiler
configure:2962: cc -c   conftest.c >&5
configure:2962: $? = 0
configure:2971: result: yes
configure:2980: checking whether cc accepts -g
configure:3000: cc -c -g  conftest.c >&5
configure:3000: $? = 0
configure:3041: result: yes
configure:3058: checking for cc option to accept ISO C89
configure:3121: cc  -c -g -O2  conftest.c >&5
configure:3121: $? = 0
configure:3134: result: none needed
configure:3160: checking how to run the C preprocessor
configure:3191: cc -E  conftest.c
configure:3191: $? = 0
configure:3205: cc -E  conftest.c
conftest.c:9:10: fatal error: 'ac_nonexistent.h' file not found
#include <ac_nonexistent.h>
         ^
1 error generated.
configure:3205: $? = 1
configure: failed program was:
| /* confdefs.h */
| #define PACKAGE_NAME ""
| #define PACKAGE_TARNAME ""
| #define PACKAGE_VERSION ""
| #define PACKAGE_STRING ""
| #define PACKAGE_BUGREPORT ""
| #define PACKAGE_URL ""
| /* end confdefs.h.  */
| #include <ac_nonexistent.h>
configure:3230: result: cc -E
configure:3250: cc -E  conftest.c
configure:3250: $? = 0
configure:3264: cc -E  conftest.c
conftest.c:9:10: fatal error: 'ac_nonexistent.h' file not found
#include <ac_nonexistent.h>
         ^
1 error generated.
configure:3264: $? = 1
configure: failed program was:
| /* confdefs.h */
| #define PACKAGE_NAME ""
| #define PACKAGE_TARNAME ""
| #define PACKAGE_VERSION ""
| #define PACKAGE_STRING ""
| #define PACKAGE_BUGREPORT ""
| #define PACKAGE_URL ""
| /* end confdefs.h.  */
| #include <ac_nonexistent.h>
configure:3295: checking for icc
configure:3304: result: no
configure:3318: checking for suncc
configure:3327: result: no
configure:3345: checking whether cc understands -c and -o together
configure:3373: cc -c conftest.c -o conftest2.o >&5
configure:3377: $? = 0
configure:3383: cc -c conftest.c -o conftest2.o >&5
configure:3387: $? = 0
configure:3442: result: yes
configure:3456: checking for system library directory
configure:3471: result: lib
configure:3478: checking if compiler supports -R
configure:3497: cc -o conftest -g -O2   conftest.c -R /usr/lib  >&5
clang: warning: argument unused during compilation: '-R'
ld: can't map file, errno=22 file '/usr/lib' for architecture x86_64
clang: error: linker command failed with exit code 1 (use -v to see invocation)
configure:3497: $? = 1
configure: failed program was:
| /* confdefs.h */
| #define PACKAGE_NAME ""
| #define PACKAGE_TARNAME ""
| #define PACKAGE_VERSION ""
| #define PACKAGE_STRING ""
| #define PACKAGE_BUGREPORT ""
| #define PACKAGE_URL ""
| /* end confdefs.h.  */
| 
| int
| main ()
| {
| 
|   ;
|   return 0;
| }
configure:3507: result: no
configure:3512: checking if compiler supports -Wl,-rpath,
configure:3531: cc -o conftest -g -O2   conftest.c -Wl,-rpath,/usr/lib  >&5
configure:3531: $? = 0
configure:3541: result: yes
configure:3586: checking build system type
configure:3600: result: x86_64-apple-darwin14.0.0
configure:3620: checking host system type
configure:3633: result: x86_64-apple-darwin14.0.0
configure:3653: checking target system type
configure:3666: result: x86_64-apple-darwin14.0.0
configure:3769: checking for PHP prefix
configure:3771: result: /usr
configure:3773: checking for PHP includes
configure:3775: result: -I/usr/include/php -I/usr/include/php/main -I/usr/include/php/TSRM -I/usr/include/php/Zend -I/usr/include/php/ext -I/usr/include/php/ext/date/lib
configure:3777: checking for PHP extension directory
configure:3779: result: /usr/lib/php/extensions/no-debug-non-zts-20121212
configure:3781: checking for PHP installed headers prefix
configure:3783: result: /usr/include/php
configure:3786: checking if debug is enabled
configure:3812: result: no
configure:3815: checking if zts is enabled
configure:3841: result: no
configure:3912: checking for re2c
configure:3942: result: no
configure:3967: WARNING: You will need re2c 0.13.4 or later if you want to regenerate PHP parsers.
configure:3981: checking for gawk
configure:4012: result: no
configure:3981: checking for nawk
configure:4012: result: no
configure:3981: checking for awk
configure:3998: found /usr/bin/awk
configure:4009: result: awk
configure:4032: checking if awk is broken
configure:4039: result: no
configure:4057: checking for PostgreSQL support for PDO
configure:4097: result: yes, shared
configure:4116: checking for pg_config
configure:4126: result: /usr/local/bin/pg_config
configure:4179: checking for openssl dependencies
configure:4188: result: no
configure:4195: checking for PQescapeString in -lpq
configure:4220: cc -o conftest -g -O2   -L/usr/local/Cellar/postgresql/9.4.0/lib conftest.c -lpq   >&5
configure:4220: $? = 0
configure:4229: result: yes
configure:4237: checking for PQsetnonblocking in -lpq
configure:4262: cc -o conftest -g -O2   -L/usr/local/Cellar/postgresql/9.4.0/lib conftest.c -lpq   >&5
configure:4262: $? = 0
configure:4271: result: yes
configure:4279: checking for PQcmdTuples in -lpq
configure:4304: cc -o conftest -g -O2   -L/usr/local/Cellar/postgresql/9.4.0/lib conftest.c -lpq   >&5
configure:4304: $? = 0
configure:4313: result: yes
configure:4321: checking for PQoidValue in -lpq
configure:4346: cc -o conftest -g -O2   -L/usr/local/Cellar/postgresql/9.4.0/lib conftest.c -lpq   >&5
configure:4346: $? = 0
configure:4355: result: yes
configure:4363: checking for PQclientEncoding in -lpq
configure:4388: cc -o conftest -g -O2   -L/usr/local/Cellar/postgresql/9.4.0/lib conftest.c -lpq   >&5
configure:4388: $? = 0
configure:4397: result: yes
configure:4405: checking for PQparameterStatus in -lpq
configure:4430: cc -o conftest -g -O2   -L/usr/local/Cellar/postgresql/9.4.0/lib conftest.c -lpq   >&5
configure:4430: $? = 0
configure:4439: result: yes
configure:4447: checking for PQprotocolVersion in -lpq
configure:4472: cc -o conftest -g -O2   -L/usr/local/Cellar/postgresql/9.4.0/lib conftest.c -lpq   >&5
configure:4472: $? = 0
configure:4481: result: yes
configure:4489: checking for PQtransactionStatus in -lpq
configure:4514: cc -o conftest -g -O2   -L/usr/local/Cellar/postgresql/9.4.0/lib conftest.c -lpq   >&5
configure:4514: $? = 0
configure:4523: result: yes
configure:4531: checking for PQunescapeBytea in -lpq
configure:4556: cc -o conftest -g -O2   -L/usr/local/Cellar/postgresql/9.4.0/lib conftest.c -lpq   >&5
configure:4556: $? = 0
configure:4565: result: yes
configure:4573: checking for PQExecParams in -lpq
configure:4598: cc -o conftest -g -O2   -L/usr/local/Cellar/postgresql/9.4.0/lib conftest.c -lpq   >&5
Undefined symbols for architecture x86_64:
  "_PQExecParams", referenced from:
      _main in conftest-051431.o
ld: symbol(s) not found for architecture x86_64
clang: error: linker command failed with exit code 1 (use -v to see invocation)
configure:4598: $? = 1
configure: failed program was:
| /* confdefs.h */
| #define PACKAGE_NAME ""
| #define PACKAGE_TARNAME ""
| #define PACKAGE_VERSION ""
| #define PACKAGE_STRING ""
| #define PACKAGE_BUGREPORT ""
| #define PACKAGE_URL ""
| #define HAVE_PG_CONFIG_H 1
| #define HAVE_PDO_PGSQL 1
| #define HAVE_PQESCAPE 1
| #define HAVE_PQSETNONBLOCKING 1
| #define HAVE_PQCMDTUPLES 1
| #define HAVE_PQOIDVALUE 1
| #define HAVE_PQCLIENTENCODING 1
| #define HAVE_PQPARAMETERSTATUS 1
| #define HAVE_PQPROTOCOLVERSION 1
| #define HAVE_PGTRANSACTIONSTATUS 1
| #define HAVE_PQUNESCAPEBYTEA 1
| /* end confdefs.h.  */
| 
| /* Override any GCC internal prototype to avoid an error.
|    Use char because int might match the return type of a GCC
|    builtin and then its argument prototype would still apply.  */
| #ifdef __cplusplus
| extern "C"
| #endif
| char PQExecParams ();
| int
| main ()
| {
| return PQExecParams ();
|   ;
|   return 0;
| }
configure:4607: result: no
configure:4615: checking for PQresultErrorField in -lpq
configure:4640: cc -o conftest -g -O2   -L/usr/local/Cellar/postgresql/9.4.0/lib conftest.c -lpq   >&5
configure:4640: $? = 0
configure:4649: result: yes
configure:4657: checking for pg_encoding_to_char in -lpq
configure:4682: cc -o conftest -g -O2   -L/usr/local/Cellar/postgresql/9.4.0/lib conftest.c -lpq   >&5
configure:4682: $? = 0
configure:4691: result: yes
configure:4700: checking for PQprepare in -lpq
configure:4725: cc -o conftest -g -O2   -L/usr/local/Cellar/postgresql/9.4.0/lib conftest.c -lpq   >&5
configure:4725: $? = 0
configure:4734: result: yes
configure:4881: checking for PDO includes
configure:4887: checking for PDO includes
configure:4898: result: /usr/include/php/ext
configure:5319: checking for ld used by cc
configure:5386: result: /Applications/Xcode.app/Contents/Developer/Toolchains/XcodeDefault.xctoolchain/usr/bin/ld
configure:5393: checking if the linker (/Applications/Xcode.app/Contents/Developer/Toolchains/XcodeDefault.xctoolchain/usr/bin/ld) is GNU ld
configure:5408: result: no
configure:5413: checking for /Applications/Xcode.app/Contents/Developer/Toolchains/XcodeDefault.xctoolchain/usr/bin/ld option to reload object files
configure:5420: result: -r
configure:5438: checking for BSD-compatible nm
configure:5487: result: /usr/bin/nm
configure:5491: checking whether ln -s works
configure:5495: result: yes
configure:5502: checking how to recognize dependent libraries
configure:5688: result: pass_all
configure:5900: checking for ANSI C header files
configure:5920: cc -c -g -O2  conftest.c >&5
configure:5920: $? = 0
configure:5993: cc -o conftest -g -O2   conftest.c  >&5
configure:5993: $? = 0
configure:5993: ./conftest
configure:5993: $? = 0
configure:6004: result: yes
configure:6017: checking for sys/types.h
configure:6017: cc -c -g -O2  conftest.c >&5
configure:6017: $? = 0
configure:6017: result: yes
configure:6017: checking for sys/stat.h
configure:6017: cc -c -g -O2  conftest.c >&5
configure:6017: $? = 0
configure:6017: result: yes
configure:6017: checking for stdlib.h
configure:6017: cc -c -g -O2  conftest.c >&5
configure:6017: $? = 0
configure:6017: result: yes
configure:6017: checking for string.h
configure:6017: cc -c -g -O2  conftest.c >&5
configure:6017: $? = 0
configure:6017: result: yes
configure:6017: checking for memory.h
configure:6017: cc -c -g -O2  conftest.c >&5
configure:6017: $? = 0
configure:6017: result: yes
configure:6017: checking for strings.h
configure:6017: cc -c -g -O2  conftest.c >&5
configure:6017: $? = 0
configure:6017: result: yes
configure:6017: checking for inttypes.h
configure:6017: cc -c -g -O2  conftest.c >&5
configure:6017: $? = 0
configure:6017: result: yes
configure:6017: checking for stdint.h
configure:6017: cc -c -g -O2  conftest.c >&5
configure:6017: $? = 0
configure:6017: result: yes
configure:6017: checking for unistd.h
configure:6017: cc -c -g -O2  conftest.c >&5
configure:6017: $? = 0
configure:6017: result: yes
configure:6031: checking dlfcn.h usability
configure:6031: cc -c -g -O2  conftest.c >&5
configure:6031: $? = 0
configure:6031: result: yes
configure:6031: checking dlfcn.h presence
configure:6031: cc -E  conftest.c
configure:6031: $? = 0
configure:6031: result: yes
configure:6031: checking for dlfcn.h
configure:6031: result: yes
configure:6053: checking the maximum length of command line arguments
configure:6165: result: 196608
configure:6177: checking command to parse /usr/bin/nm output from cc object
configure:6282: cc -c -g -O2  conftest.c >&5
configure:6285: $? = 0
configure:6289: /usr/bin/nm conftest.o \| sed -n -e 's/^.*[ 	]\([BCDEGRST][BCDEGRST]*\)[ 	][ 	]*\([_A-Za-z][_A-Za-z0-9]*\)$/\1 \2 \2/p' \> conftest.nm
configure:6292: $? = 0
cannot find nm_test_var in conftest.nm
configure:6282: cc -c -g -O2  conftest.c >&5
configure:6285: $? = 0
configure:6289: /usr/bin/nm conftest.o \| sed -n -e 's/^.*[ 	]\([BCDEGRST][BCDEGRST]*\)[ 	][ 	]*_\([_A-Za-z][_A-Za-z0-9]*\)$/\1 _\2 \2/p' \> conftest.nm
configure:6292: $? = 0
configure:6344: cc -o conftest -g -O2   conftest.c conftstm.o >&5
configure:6347: $? = 0
configure:6385: result: ok
configure:6389: checking for objdir
configure:6404: result: .libs
configure:6496: checking for ar
configure:6512: found /usr/bin/ar
configure:6523: result: ar
configure:6588: checking for ranlib
configure:6604: found /usr/bin/ranlib
configure:6615: result: ranlib
configure:6680: checking for strip
configure:6696: found /usr/bin/strip
configure:6707: result: strip
configure:6960: checking for dsymutil
configure:6976: found /usr/bin/dsymutil
configure:6987: result: dsymutil
configure:7052: checking for nmedit
configure:7068: found /usr/bin/nmedit
configure:7079: result: nmedit
configure:7102: checking for -single_module linker flag
configure:7123: result: yes
configure:7125: checking for -exported_symbols_list linker flag
configure:7141: cc -o conftest -g -O2   -Wl,-exported_symbols_list,conftest.sym conftest.c  >&5
configure:7144: $? = 0
configure:7158: result: yes
configure:7276: checking if cc supports -fno-rtti -fno-exceptions
configure:7294: cc -c -g -O2  -fno-rtti -fno-exceptions conftest.c >&5
configure:7298: $? = 0
configure:7311: result: yes
configure:7326: checking for cc option to produce PIC
configure:7566: result: -fno-common
configure:7574: checking if cc PIC flag -fno-common works
configure:7592: cc -c -g -O2  -fno-common -DPIC conftest.c >&5
configure:7596: $? = 0
configure:7609: result: yes
configure:7637: checking if cc static flag -static works
configure:7665: result: no
configure:7675: checking if cc supports -c -o file.o
configure:7696: cc -c -g -O2  -o out/conftest2.o conftest.c >&5
configure:7700: $? = 0
configure:7722: result: yes
configure:7748: checking whether the cc linker (/Applications/Xcode.app/Contents/Developer/Toolchains/XcodeDefault.xctoolchain/usr/bin/ld) supports shared libraries
configure:8680: result: yes
configure:8747: checking dynamic linker characteristics
configure:9349: result: darwin14.0.0 dyld
configure:9373: checking how to hardcode library paths into programs
configure:9398: result: immediate
configure:9412: checking whether stripping libraries is possible
configure:9426: result: yes
configure:9934: checking if libtool supports shared libraries
configure:9936: result: yes
configure:9939: checking whether to build shared libraries
configure:9960: result: yes
configure:9963: checking whether to build static libraries
configure:9967: result: no
configure:10062: result:
creating libtool
configure:13765: creating ./config.status

## ---------------------- ##
## Running config.status. ##
## ---------------------- ##

This file was extended by config.status, which was
generated by GNU Autoconf 2.69.  Invocation command line was

  CONFIG_FILES    = 
  CONFIG_HEADERS  = 
  CONFIG_LINKS    = 
  CONFIG_COMMANDS = 
  $ ./config.status 

on Kaitlins-MacBook-Pro-2.local

config.status:690: creating config.h

## ---------------- ##
## Cache variables. ##
## ---------------- ##

ac_cv_build=x86_64-apple-darwin14.0.0
ac_cv_c_compiler_gnu=yes
ac_cv_env_CC_set=
ac_cv_env_CC_value=
ac_cv_env_CFLAGS_set=
ac_cv_env_CFLAGS_value=
ac_cv_env_CPPFLAGS_set=
ac_cv_env_CPPFLAGS_value=
ac_cv_env_CPP_set=
ac_cv_env_CPP_value=
ac_cv_env_LDFLAGS_set=
ac_cv_env_LDFLAGS_value=
ac_cv_env_LIBS_set=
ac_cv_env_LIBS_value=
ac_cv_env_build_alias_set=
ac_cv_env_build_alias_value=
ac_cv_env_host_alias_set=
ac_cv_env_host_alias_value=
ac_cv_env_target_alias_set=
ac_cv_env_target_alias_value=
ac_cv_header_dlfcn_h=yes
ac_cv_header_inttypes_h=yes
ac_cv_header_memory_h=yes
ac_cv_header_stdc=yes
ac_cv_header_stdint_h=yes
ac_cv_header_stdlib_h=yes
ac_cv_header_string_h=yes
ac_cv_header_strings_h=yes
ac_cv_header_sys_stat_h=yes
ac_cv_header_sys_types_h=yes
ac_cv_header_unistd_h=yes
ac_cv_host=x86_64-apple-darwin14.0.0
ac_cv_lib_pq_PQExecParams=no
ac_cv_lib_pq_PQclientEncoding=yes
ac_cv_lib_pq_PQcmdTuples=yes
ac_cv_lib_pq_PQescapeString=yes
ac_cv_lib_pq_PQoidValue=yes
ac_cv_lib_pq_PQparameterStatus=yes
ac_cv_lib_pq_PQprepare=yes
ac_cv_lib_pq_PQprotocolVersion=yes
ac_cv_lib_pq_PQresultErrorField=yes
ac_cv_lib_pq_PQsetnonblocking=yes
ac_cv_lib_pq_PQtransactionStatus=yes
ac_cv_lib_pq_PQunescapeBytea=yes
ac_cv_lib_pq_pg_encoding_to_char=yes
ac_cv_objext=o
ac_cv_path_EGREP='/usr/bin/grep -E'
ac_cv_path_GREP=/usr/bin/grep
ac_cv_prog_AWK=awk
ac_cv_prog_CPP='cc -E'
ac_cv_prog_ac_ct_AR=ar
ac_cv_prog_ac_ct_CC=cc
ac_cv_prog_ac_ct_DSYMUTIL=dsymutil
ac_cv_prog_ac_ct_NMEDIT=nmedit
ac_cv_prog_ac_ct_RANLIB=ranlib
ac_cv_prog_ac_ct_STRIP=strip
ac_cv_prog_cc_c89=
ac_cv_prog_cc_cc_c_o=yes
ac_cv_prog_cc_g=yes
ac_cv_target=x86_64-apple-darwin14.0.0
lt_cv_apple_cc_single_mod=yes
lt_cv_deplibs_check_method=pass_all
lt_cv_file_magic_cmd='$MAGIC_CMD'
lt_cv_file_magic_test_file=
lt_cv_ld_exported_symbols_list=yes
lt_cv_ld_reload_flag=-r
lt_cv_objdir=.libs
lt_cv_path_LD=/Applications/Xcode.app/Contents/Developer/Toolchains/XcodeDefault.xctoolchain/usr/bin/ld
lt_cv_path_NM=/usr/bin/nm
lt_cv_path_SED=/opt/local/bin/gsed
lt_cv_prog_compiler_c_o=yes
lt_cv_prog_compiler_pic_works=yes
lt_cv_prog_compiler_rtti_exceptions=yes
lt_cv_prog_compiler_static_works=no
lt_cv_prog_gnu_ld=no
lt_cv_sys_global_symbol_pipe='sed -n -e '\''s/^.*[ 	]\([BCDEGRST][BCDEGRST]*\)[ 	][ 	]*_\([_A-Za-z][_A-Za-z0-9]*\)$/\1 _\2 \2/p'\'''
lt_cv_sys_global_symbol_to_c_name_address='sed -n -e '\''s/^: \([^ ]*\) $/  {\"\1\", (lt_ptr) 0},/p'\'' -e '\''s/^[BCDEGRST] \([^ ]*\) \([^ ]*\)$/  {"\2", (lt_ptr) \&\2},/p'\'''
lt_cv_sys_global_symbol_to_cdecl='sed -n -e '\''s/^. .* \(.*\)$/extern int \1;/p'\'''
lt_cv_sys_lib_dlsearch_path_spec='/usr/local/lib /lib /usr/lib'
lt_cv_sys_lib_search_path_spec='/Applications/Xcode.app/Contents/Developer/Toolchains/XcodeDefault.xctoolchain/usr/lib/clang/6.0 /usr/local/lib'
lt_cv_sys_max_cmd_len=196608
lt_lt_cv_prog_compiler_c_o='"yes"'
lt_lt_cv_sys_global_symbol_pipe='"sed -n -e '\''s/^.*[ 	]\\([BCDEGRST][BCDEGRST]*\\)[ 	][ 	]*_\\([_A-Za-z][_A-Za-z0-9]*\\)\$/\\1 _\\2 \\2/p'\''"'
lt_lt_cv_sys_global_symbol_to_c_name_address='"sed -n -e '\''s/^: \\([^ ]*\\) \$/  {\\\"\\1\\\", (lt_ptr) 0},/p'\'' -e '\''s/^[BCDEGRST] \\([^ ]*\\) \\([^ ]*\\)\$/  {\"\\2\", (lt_ptr) \\&\\2},/p'\''"'
lt_lt_cv_sys_global_symbol_to_cdecl='"sed -n -e '\''s/^. .* \\(.*\\)\$/extern int \\1;/p'\''"'
pdo_cv_inc_path=/usr/include/php/ext
php_cv_cc_dashr=no
php_cv_cc_rpath=yes

## ----------------- ##
## Output variables. ##
## ----------------- ##

AR='ar'
AWK='awk'
CC='cc'
CFLAGS='-g -O2'
CONFIGURE_COMMAND=' '\''./configure'\''  '\''--with-pdo-pgsql=/Applications/Postgres.app/'\'''
CONFIGURE_OPTIONS=' '\''--with-pdo-pgsql=/Applications/Postgres.app/'\'''
CPP='cc -E'
CPPFLAGS=' -DHAVE_CONFIG_H'
DEFS='-DHAVE_CONFIG_H'
DSYMUTIL='dsymutil'
ECHO='/bin/echo'
ECHO_C='\c'
ECHO_N=''
ECHO_T=''
EGREP='/usr/bin/grep -E'
EXEEXT=''
GREP='/usr/bin/grep'
LDFLAGS=''
LIBOBJS=''
LIBS=''
LIBTOOL='$(SHELL) $(top_builddir)/libtool'
LN_S='ln -s'
LTLIBOBJS=''
NMEDIT='nmedit'
OBJEXT='o'
PACKAGE_BUGREPORT=''
PACKAGE_NAME=''
PACKAGE_STRING=''
PACKAGE_TARNAME=''
PACKAGE_URL=''
PACKAGE_VERSION=''
PATH_SEPARATOR=':'
RANLIB='ranlib'
RE2C='exit 0;'
SED='/opt/local/bin/gsed'
SHELL='/bin/sh'
SHLIB_DL_SUFFIX_NAME='so'
SHLIB_SUFFIX_NAME='dylib'
STRIP='strip'
ac_ct_CC='cc'
bindir='${exec_prefix}/bin'
build='x86_64-apple-darwin14.0.0'
build_alias=''
build_cpu='x86_64'
build_os='darwin14.0.0'
build_vendor='apple'
datadir='${datarootdir}'
datarootdir='${prefix}/share'
docdir='${datarootdir}/doc/${PACKAGE}'
dvidir='${docdir}'
exec_prefix='$(prefix)'
host='x86_64-apple-darwin14.0.0'
host_alias='x86_64-apple-darwin14.0.0'
host_cpu='x86_64'
host_os='darwin14.0.0'
host_vendor='apple'
htmldir='${docdir}'
includedir='${prefix}/include'
infodir='${datarootdir}/info'
libdir='${exec_prefix}/lib'
libexecdir='${exec_prefix}/libexec'
localedir='${datarootdir}/locale'
localstatedir='${prefix}/var'
mandir='${datarootdir}/man'
oldincludedir='/usr/include'
pdfdir='${docdir}'
prefix='/usr'
program_transform_name='s,x,x,'
psdir='${docdir}'
sbindir='${exec_prefix}/sbin'
sharedstatedir='${prefix}/com'
sysconfdir='${prefix}/etc'
target='x86_64-apple-darwin14.0.0'
target_alias=''
target_cpu='x86_64'
target_os='darwin14.0.0'
target_vendor='apple'

## ----------- ##
## confdefs.h. ##
## ----------- ##

/* confdefs.h */
#define PACKAGE_NAME ""
#define PACKAGE_TARNAME ""
#define PACKAGE_VERSION ""
#define PACKAGE_STRING ""
#define PACKAGE_BUGREPORT ""
#define PACKAGE_URL ""
#define HAVE_PG_CONFIG_H 1
#define HAVE_PDO_PGSQL 1
#define HAVE_PQESCAPE 1
#define HAVE_PQSETNONBLOCKING 1
#define HAVE_PQCMDTUPLES 1
#define HAVE_PQOIDVALUE 1
#define HAVE_PQCLIENTENCODING 1
#define HAVE_PQPARAMETERSTATUS 1
#define HAVE_PQPROTOCOLVERSION 1
#define HAVE_PGTRANSACTIONSTATUS 1
#define HAVE_PQUNESCAPEBYTEA 1
#define HAVE_PQRESULTERRORFIELD 1
#define HAVE_PGSQL_WITH_MULTIBYTE_SUPPORT 1
#define HAVE_PQPREPARE 1
#define COMPILE_DL_PDO_PGSQL 1
#define STDC_HEADERS 1
#define HAVE_SYS_TYPES_H 1
#define HAVE_SYS_STAT_H 1
#define HAVE_STDLIB_H 1
#define HAVE_STRING_H 1
#define HAVE_MEMORY_H 1
#define HAVE_STRINGS_H 1
#define HAVE_INTTYPES_H 1
#define HAVE_STDINT_H 1
#define HAVE_UNISTD_H 1
#define HAVE_DLFCN_H 1

configure: exit 0
